<-Start->2013-08-27 11:56:57,421<-Sep->DEBUG<-Sep->com.ibm.wala.andromeda.util.logging.TaintLogger<-Sep->com.ibm.appscan.frameworks.analyzers.generic.LangIndependentWalaUtil.logAllWarningsAndClear(LangIndependentWalaUtil.java:33)<-Sep->WALA warnings:<-Sep->
<-Start->2013-08-27 11:56:57,424<-Sep->DEBUG<-Sep->com.ibm.wala.andromeda.util.logging.TaintLogger<-Sep->com.ibm.appscan.frameworks.analyzers.generic.LangIndependentWalaUtil.logAllWarningsAndClear(LangIndependentWalaUtil.java:34)<-Sep-><-Sep->
<-Start->2013-08-27 11:56:58,941<-Sep->DEBUG<-Sep->com.ibm.wala.andromeda.util.logging.TaintLogger<-Sep->com.ibm.appscan.frameworks.highlevelapi.processing.F4FHandlerJarUtil.getFrameworkHandlerClass(F4FHandlerJarUtil.java:176)<-Sep->manifest missing Framework-Handler attribute for handler jar C:\Development\Lonestar\build\release\engine\waflgens\commons-io-1.4.jar<-Sep->
<-Start->2013-08-27 11:56:58,945<-Sep->DEBUG<-Sep->com.ibm.wala.andromeda.util.logging.TaintLogger<-Sep->com.ibm.appscan.frameworks.highlevelapi.processing.F4FHandlerJarUtil.getFrameworkHandlerClass(F4FHandlerJarUtil.java:176)<-Sep->manifest missing Framework-Handler attribute for handler jar C:\Development\Lonestar\build\release\engine\waflgens\commons-lang.jar<-Sep->
<-Start->2013-08-27 11:56:58,977<-Sep->INFO<-Sep->com.ibm.wala.andromeda.util.logging.TaintLogger<-Sep->com.ibm.appscan.frameworks.handlers.aspdotnetmvc3.Logger.WriteInfo(Logger.java:17)<-Sep->
	--- Mvc3Handler::isApplicable() ---
<-Sep->
<-Start->2013-08-27 11:56:58,977<-Sep->INFO<-Sep->com.ibm.wala.andromeda.util.logging.TaintLogger<-Sep->com.ibm.appscan.frameworks.handlers.aspdotnetmvc3.Logger.WriteInfo(Logger.java:17)<-Sep->
	--- csProjPath: C:\Users\IBM_ADMIN\Desktop\Stuff\AppScan_Source\SampleApps\SimpleIOTdotNet\SimpleIOTdotNet\SimpleIOT\SimpleIOT_cs.csproj ---
<-Sep->
<-Start->2013-08-27 11:56:58,985<-Sep->INFO<-Sep->com.ibm.wala.andromeda.util.logging.TaintLogger<-Sep->com.ibm.appscan.frameworks.handlers.aspdotnetmvc3.Logger.WriteInfo(Logger.java:17)<-Sep->
	--- SearchForMvcDllReference: 2 ---
<-Sep->
<-Start->2013-08-27 11:56:58,985<-Sep->INFO<-Sep->com.ibm.wala.andromeda.util.logging.TaintLogger<-Sep->com.ibm.appscan.frameworks.handlers.aspdotnetmvc3.Logger.WriteInfo(Logger.java:17)<-Sep->
	--- XmlReader::XmlNodeWithSpecificAttributeExist Start ---
<-Sep->
<-Start->2013-08-27 11:56:58,986<-Sep->INFO<-Sep->com.ibm.wala.andromeda.util.logging.TaintLogger<-Sep->com.ibm.appscan.frameworks.handlers.aspdotnetmvc3.Logger.WriteInfo(Logger.java:17)<-Sep->
	--- XmlReader::XmlNodeWithSpecificAttributeExist 1 ---
<-Sep->
<-Start->2013-08-27 11:56:58,987<-Sep->INFO<-Sep->com.ibm.wala.andromeda.util.logging.TaintLogger<-Sep->com.ibm.appscan.frameworks.handlers.aspdotnetmvc3.Logger.WriteInfo(Logger.java:17)<-Sep->
	--- SearchForMvcDllReference: 3 ---
<-Sep->
<-Start->2013-08-27 11:56:58,987<-Sep->INFO<-Sep->com.ibm.wala.andromeda.util.logging.TaintLogger<-Sep->com.ibm.appscan.frameworks.handlers.aspdotnetmvc3.Logger.WriteInfo(Logger.java:17)<-Sep->
	--- NOT Applicable! ---
<-Sep->
<-Start->2013-08-27 11:56:58,987<-Sep->INFO<-Sep->com.ibm.wala.andromeda.util.logging.TaintLogger<-Sep->com.ibm.appscan.frameworks.highlevelapi.jaxhandler.internal.handlers.JAXHandler.isApplicable(JAXHandler.java:67)<-Sep->JAX-RS handler: Calling isApplicable<-Sep->
<-Start->2013-08-27 11:56:58,987<-Sep->INFO<-Sep->com.ibm.wala.andromeda.util.logging.TaintLogger<-Sep->com.ibm.appscan.frameworks.highlevelapi.jaxhandler.internal.handlers.JAXHandler.isApplicable(JAXHandler.java:75)<-Sep->JAX-RS Handler is not applicable.<-Sep->
<-Start->2013-08-27 11:56:58,994<-Sep->INFO<-Sep->com.ibm.wala.andromeda.util.logging.TaintLogger<-Sep->com.orchestral.appscan.stripes.StripesHandler.isApplicable(StripesHandler.java:29)<-Sep->0source roots<-Sep->
<-Start->2013-08-27 11:56:58,995<-Sep->WARN<-Sep->com.ibm.wala.andromeda.util.logging.TaintLogger<-Sep->com.ibm.appscan.frameworks.highlevelapi.processing.F4FHandlerJarUtil.runAllHandlerJars(F4FHandlerJarUtil.java:53)<-Sep->did not succesfully run handler of type class com.orchestral.appscan.stripes.StripesHandler<-Sep->
java.lang.IllegalStateException: no source roots?
	at com.orchestral.appscan.stripes.StripesHandler.isApplicable(StripesHandler.java:31)
	at com.ibm.appscan.frameworks.highlevelapi.processing.F4FHandlerJarUtil.runAllHandlerJars(F4FHandlerJarUtil.java:49)
	at com.ibm.appscan.frameworks.FrameworksCLI$HandlerJarsGenerator.generateFrameworkInfo(FrameworksCLI.java:84)
	at com.ibm.appscan.frameworks.FrameworkGeneratorHarness.run(FrameworkGeneratorHarness.java:29)
	at com.ibm.appscan.frameworks.FrameworksCLI.runMain(FrameworksCLI.java:59)
	at com.ibm.appscan.frameworks.FrameworksCLI.main(FrameworksCLI.java:37)
